task1: (g=0): rw=randread, bs=(R) 128KiB-128KiB, (W) 128KiB-128KiB, (T) 128KiB-128KiB, ioengine=libaio, iodepth=24
fio-3.33
Starting 1 process

task1: (groupid=0, jobs=1): err= 0: pid=15207: Sat Jul 20 22:39:02 2024
  read: IOPS=22.0k, BW=2748MiB/s (2881MB/s)(80.5GiB/30002msec)
    slat (usec): min=4, max=694, avg= 6.31, stdev= 1.19
    clat (usec): min=319, max=5157, avg=1084.99, stdev=26.21
     lat (usec): min=370, max=5163, avg=1091.30, stdev=26.21
    clat percentiles (usec):
     |  1.00th=[ 1074],  5.00th=[ 1090], 10.00th=[ 1090], 20.00th=[ 1090],
     | 30.00th=[ 1090], 40.00th=[ 1090], 50.00th=[ 1090], 60.00th=[ 1090],
     | 70.00th=[ 1090], 80.00th=[ 1090], 90.00th=[ 1090], 95.00th=[ 1090],
     | 99.00th=[ 1090], 99.50th=[ 1090], 99.90th=[ 1172], 99.95th=[ 1221],
     | 99.99th=[ 1434]
   bw (  MiB/s): min= 2718, max= 2749, per=100.00%, avg=2748.66, stdev= 4.01, samples=59
   iops        : min=21748, max=21996, avg=21989.25, stdev=32.07, samples=59
  lat (usec)   : 500=0.01%, 750=0.01%, 1000=0.08%
  lat (msec)   : 2=99.91%, 4=0.01%, 10=0.01%
  cpu          : usr=2.21%, sys=16.23%, ctx=659231, majf=0, minf=265
  IO depths    : 1=0.1%, 2=0.1%, 4=0.1%, 8=0.1%, 16=100.0%, 32=0.0%, >=64=0.0%
     submit    : 0=0.0%, 4=100.0%, 8=0.0%, 16=0.0%, 32=0.0%, 64=0.0%, >=64=0.0%
     complete  : 0=0.0%, 4=100.0%, 8=0.0%, 16=0.0%, 32=0.1%, 64=0.0%, >=64=0.0%
     issued rwts: total=659537,0,0,0 short=0,0,0,0 dropped=0,0,0,0
     latency   : target=0, window=0, percentile=100.00%, depth=24

Run status group 0 (all jobs):
   READ: bw=2748MiB/s (2881MB/s), 2748MiB/s-2748MiB/s (2881MB/s-2881MB/s), io=80.5GiB (86.4GB), run=30002-30002msec
