task1: (g=0): rw=randread, bs=(R) 32.0KiB-32.0KiB, (W) 32.0KiB-32.0KiB, (T) 32.0KiB-32.0KiB, ioengine=libaio, iodepth=12
fio-3.33
Starting 1 process

task1: (groupid=0, jobs=1): err= 0: pid=14089: Sat Jul 20 22:25:46 2024
  read: IOPS=86.9k, BW=2717MiB/s (2849MB/s)(79.6GiB/30001msec)
    slat (nsec): min=1896, max=79402, avg=3217.96, stdev=429.97
    clat (usec): min=59, max=975, avg=134.46, stdev= 5.51
     lat (usec): min=67, max=979, avg=137.68, stdev= 5.51
    clat percentiles (usec):
     |  1.00th=[  129],  5.00th=[  133], 10.00th=[  133], 20.00th=[  135],
     | 30.00th=[  135], 40.00th=[  135], 50.00th=[  135], 60.00th=[  135],
     | 70.00th=[  135], 80.00th=[  137], 90.00th=[  139], 95.00th=[  139],
     | 99.00th=[  141], 99.50th=[  147], 99.90th=[  198], 99.95th=[  241],
     | 99.99th=[  326]
   bw (  MiB/s): min= 2699, max= 2720, per=100.00%, avg=2717.38, stdev= 2.67, samples=59
   iops        : min=86370, max=87044, avg=86956.20, stdev=85.42, samples=59
  lat (usec)   : 100=0.04%, 250=99.92%, 500=0.04%, 750=0.01%, 1000=0.01%
  cpu          : usr=8.31%, sys=38.52%, ctx=2594001, majf=0, minf=105
  IO depths    : 1=0.1%, 2=0.1%, 4=0.1%, 8=100.0%, 16=0.0%, 32=0.0%, >=64=0.0%
     submit    : 0=0.0%, 4=100.0%, 8=0.0%, 16=0.0%, 32=0.0%, 64=0.0%, >=64=0.0%
     complete  : 0=0.0%, 4=100.0%, 8=0.0%, 16=0.1%, 32=0.0%, 64=0.0%, >=64=0.0%
     issued rwts: total=2608272,0,0,0 short=0,0,0,0 dropped=0,0,0,0
     latency   : target=0, window=0, percentile=100.00%, depth=12

Run status group 0 (all jobs):
   READ: bw=2717MiB/s (2849MB/s), 2717MiB/s-2717MiB/s (2849MB/s-2849MB/s), io=79.6GiB (85.5GB), run=30001-30001msec
