task1: (g=0): rw=randread, bs=(R) 8192B-8192B, (W) 8192B-8192B, (T) 8192B-8192B, ioengine=libaio, iodepth=128
fio-3.33
Starting 1 process

task1: (groupid=0, jobs=1): err= 0: pid=13272: Sat Jul 20 22:16:05 2024
  read: IOPS=180k, BW=1404MiB/s (1472MB/s)(41.1GiB/30001msec)
    slat (nsec): min=1183, max=74534, avg=2122.42, stdev=422.11
    clat (usec): min=322, max=22051, avg=709.66, stdev=127.02
     lat (usec): min=323, max=22053, avg=711.78, stdev=127.02
    clat percentiles (usec):
     |  1.00th=[  660],  5.00th=[  676], 10.00th=[  676], 20.00th=[  685],
     | 30.00th=[  693], 40.00th=[  701], 50.00th=[  701], 60.00th=[  709],
     | 70.00th=[  717], 80.00th=[  717], 90.00th=[  725], 95.00th=[  742],
     | 99.00th=[  938], 99.50th=[ 1123], 99.90th=[ 1385], 99.95th=[ 1516],
     | 99.99th=[ 3064]
   bw (  MiB/s): min= 1331, max= 1455, per=100.00%, avg=1404.37, stdev=22.75, samples=59
   iops        : min=170432, max=186290, avg=179758.85, stdev=2912.47, samples=59
  lat (usec)   : 500=0.01%, 750=96.62%, 1000=2.54%
  lat (msec)   : 2=0.81%, 4=0.02%, 10=0.01%, 50=0.01%
  cpu          : usr=13.95%, sys=52.56%, ctx=3598554, majf=0, minf=264
  IO depths    : 1=0.1%, 2=0.1%, 4=0.1%, 8=0.1%, 16=0.1%, 32=0.1%, >=64=100.0%
     submit    : 0=0.0%, 4=100.0%, 8=0.0%, 16=0.0%, 32=0.0%, 64=0.0%, >=64=0.0%
     complete  : 0=0.0%, 4=100.0%, 8=0.0%, 16=0.0%, 32=0.0%, 64=0.0%, >=64=0.1%
     issued rwts: total=5392627,0,0,0 short=0,0,0,0 dropped=0,0,0,0
     latency   : target=0, window=0, percentile=100.00%, depth=128

Run status group 0 (all jobs):
   READ: bw=1404MiB/s (1472MB/s), 1404MiB/s-1404MiB/s (1472MB/s-1472MB/s), io=41.1GiB (44.2GB), run=30001-30001msec
