task1: (g=0): rw=randread, bs=(R) 64.0KiB-64.0KiB, (W) 64.0KiB-64.0KiB, (T) 64.0KiB-64.0KiB, ioengine=libaio, iodepth=3
fio-3.33
Starting 1 process

task1: (groupid=0, jobs=1): err= 0: pid=10219: Sat Jul 20 21:40:52 2024
  read: IOPS=16.9k, BW=1059MiB/s (1111MB/s)(31.0GiB/30001msec)
    slat (nsec): min=3029, max=135782, avg=4655.50, stdev=714.56
    clat (usec): min=90, max=877, avg=171.99, stdev=43.99
     lat (usec): min=94, max=966, avg=176.65, stdev=44.00
    clat percentiles (usec):
     |  1.00th=[  114],  5.00th=[  125], 10.00th=[  130], 20.00th=[  137],
     | 30.00th=[  145], 40.00th=[  153], 50.00th=[  161], 60.00th=[  172],
     | 70.00th=[  184], 80.00th=[  204], 90.00th=[  233], 95.00th=[  260],
     | 99.00th=[  310], 99.50th=[  330], 99.90th=[  400], 99.95th=[  469],
     | 99.99th=[  603]
   bw (  MiB/s): min=  975, max= 1140, per=99.95%, avg=1058.74, stdev=38.30, samples=59
   iops        : min=15604, max=18250, avg=16939.76, stdev=612.82, samples=59
  lat (usec)   : 100=0.03%, 250=93.65%, 500=6.28%, 750=0.04%, 1000=0.01%
  cpu          : usr=1.39%, sys=10.11%, ctx=491634, majf=0, minf=57
  IO depths    : 1=0.1%, 2=100.0%, 4=0.0%, 8=0.0%, 16=0.0%, 32=0.0%, >=64=0.0%
     submit    : 0=0.0%, 4=100.0%, 8=0.0%, 16=0.0%, 32=0.0%, 64=0.0%, >=64=0.0%
     complete  : 0=0.0%, 4=100.0%, 8=0.0%, 16=0.0%, 32=0.0%, 64=0.0%, >=64=0.0%
     issued rwts: total=508484,0,0,0 short=0,0,0,0 dropped=0,0,0,0
     latency   : target=0, window=0, percentile=100.00%, depth=3

Run status group 0 (all jobs):
   READ: bw=1059MiB/s (1111MB/s), 1059MiB/s-1059MiB/s (1111MB/s-1111MB/s), io=31.0GiB (33.3GB), run=30001-30001msec
